<?xml version="1.0" encoding="UTF-8"?>
<coverage generated="1629632443892" clover="3.2.0">
  <project timestamp="1629632443892" name="All files">
    <metrics statements="46" coveredstatements="5" conditionals="2" coveredconditionals="1" methods="17" coveredmethods="5" elements="65" coveredelements="11" complexity="0" loc="46" ncloc="46" packages="1" files="1" classes="1"/>
    <file name="station.vue" path="C:\Users\Evgeni\Documents\GitHub\vue-jest-stationdata\src\components\station.vue">
      <metrics statements="46" coveredstatements="5" conditionals="2" coveredconditionals="1" methods="17" coveredmethods="5"/>
      <line num="126" count="1" type="stmt"/>
      <line num="140" count="3" type="stmt"/>
      <line num="141" count="3" type="cond" truecount="1" falsecount="1"/>
      <line num="142" count="0" type="stmt"/>
      <line num="144" count="0" type="stmt"/>
      <line num="149" count="0" type="stmt"/>
      <line num="150" count="0" type="stmt"/>
      <line num="151" count="0" type="stmt"/>
      <line num="152" count="0" type="stmt"/>
      <line num="153" count="0" type="stmt"/>
      <line num="155" count="0" type="stmt"/>
      <line num="156" count="0" type="stmt"/>
      <line num="158" count="0" type="stmt"/>
      <line num="159" count="0" type="stmt"/>
      <line num="161" count="0" type="stmt"/>
      <line num="162" count="0" type="stmt"/>
      <line num="165" count="0" type="stmt"/>
      <line num="166" count="0" type="stmt"/>
      <line num="167" count="0" type="stmt"/>
      <line num="168" count="0" type="stmt"/>
      <line num="169" count="0" type="stmt"/>
      <line num="170" count="0" type="stmt"/>
      <line num="173" count="0" type="stmt"/>
      <line num="174" count="0" type="stmt"/>
      <line num="179" count="1" type="stmt"/>
      <line num="183" count="0" type="stmt"/>
      <line num="186" count="0" type="stmt"/>
      <line num="187" count="0" type="stmt"/>
      <line num="190" count="0" type="stmt"/>
      <line num="195" count="0" type="stmt"/>
      <line num="196" count="0" type="stmt"/>
      <line num="198" count="0" type="stmt"/>
      <line num="200" count="0" type="stmt"/>
      <line num="205" count="0" type="stmt"/>
      <line num="207" count="0" type="stmt"/>
      <line num="208" count="0" type="stmt"/>
      <line num="209" count="0" type="stmt"/>
      <line num="210" count="0" type="stmt"/>
      <line num="211" count="0" type="stmt"/>
      <line num="212" count="0" type="stmt"/>
      <line num="213" count="0" type="stmt"/>
      <line num="215" count="0" type="stmt"/>
      <line num="223" count="1" type="stmt"/>
      <line num="224" count="0" type="stmt"/>
      <line num="225" count="0" type="stmt"/>
      <line num="226" count="0" type="stmt"/>
    </file>
  </project>
</coverage>
