{"C:\\Users\\Evgeni\\Documents\\GitHub\\vue-jest-stationdata\\src\\components\\station.vue": {"path":"C:\\Users\\Evgeni\\Documents\\GitHub\\vue-jest-stationdata\\src\\components\\station.vue","statementMap":{"0":{"start":{"line":126,"column":0},"end":{"line":126,"column":null}},"1":{"start":{"line":140,"column":0},"end":{"line":140,"column":null}},"2":{"start":{"line":141,"column":0},"end":{"line":145,"column":null}},"3":{"start":{"line":142,"column":0},"end":{"line":142,"column":null}},"4":{"start":{"line":144,"column":0},"end":{"line":144,"column":null}},"5":{"start":{"line":149,"column":0},"end":{"line":154,"column":null}},"6":{"start":{"line":150,"column":0},"end":{"line":150,"column":null}},"7":{"start":{"line":151,"column":0},"end":{"line":151,"column":null}},"8":{"start":{"line":152,"column":0},"end":{"line":152,"column":null}},"9":{"start":{"line":153,"column":0},"end":{"line":153,"column":null}},"10":{"start":{"line":155,"column":0},"end":{"line":155,"column":null}},"11":{"start":{"line":156,"column":0},"end":{"line":156,"column":null}},"12":{"start":{"line":158,"column":0},"end":{"line":163,"column":null}},"13":{"start":{"line":158,"column":0},"end":{"line":158,"column":null}},"14":{"start":{"line":159,"column":0},"end":{"line":159,"column":null}},"15":{"start":{"line":161,"column":0},"end":{"line":161,"column":null}},"16":{"start":{"line":162,"column":0},"end":{"line":162,"column":null}},"17":{"start":{"line":165,"column":0},"end":{"line":165,"column":null}},"18":{"start":{"line":166,"column":0},"end":{"line":166,"column":null}},"19":{"start":{"line":167,"column":0},"end":{"line":167,"column":null}},"20":{"start":{"line":168,"column":0},"end":{"line":171,"column":null}},"21":{"start":{"line":169,"column":0},"end":{"line":169,"column":null}},"22":{"start":{"line":170,"column":0},"end":{"line":170,"column":null}},"23":{"start":{"line":173,"column":0},"end":{"line":175,"column":null}},"24":{"start":{"line":174,"column":0},"end":{"line":174,"column":null}},"25":{"start":{"line":179,"column":0},"end":{"line":191,"column":null}},"26":{"start":{"line":183,"column":0},"end":{"line":183,"column":null}},"27":{"start":{"line":186,"column":0},"end":{"line":186,"column":null}},"28":{"start":{"line":187,"column":0},"end":{"line":187,"column":null}},"29":{"start":{"line":190,"column":0},"end":{"line":190,"column":null}},"30":{"start":{"line":195,"column":0},"end":{"line":201,"column":null}},"31":{"start":{"line":196,"column":0},"end":{"line":196,"column":null}},"32":{"start":{"line":198,"column":0},"end":{"line":198,"column":null}},"33":{"start":{"line":200,"column":0},"end":{"line":200,"column":null}},"34":{"start":{"line":205,"column":0},"end":{"line":216,"column":null}},"35":{"start":{"line":207,"column":0},"end":{"line":207,"column":null}},"36":{"start":{"line":208,"column":0},"end":{"line":208,"column":null}},"37":{"start":{"line":209,"column":0},"end":{"line":209,"column":null}},"38":{"start":{"line":210,"column":0},"end":{"line":210,"column":null}},"39":{"start":{"line":211,"column":0},"end":{"line":211,"column":null}},"40":{"start":{"line":212,"column":0},"end":{"line":212,"column":null}},"41":{"start":{"line":213,"column":0},"end":{"line":213,"column":null}},"42":{"start":{"line":215,"column":0},"end":{"line":215,"column":null}},"43":{"start":{"line":223,"column":0},"end":{"line":227,"column":null}},"44":{"start":{"line":224,"column":0},"end":{"line":224,"column":null}},"45":{"start":{"line":225,"column":0},"end":{"line":225,"column":null}},"46":{"start":{"line":226,"column":0},"end":{"line":226,"column":null}}},"fnMap":{"0":{"name":"(anonymous_1)","decl":{"start":{"line":125,"column":0},"end":{"line":125,"column":null}},"loc":{"start":{"line":125,"column":0},"end":{"line":137,"column":null}}},"1":{"name":"(anonymous_2)","decl":{"start":{"line":139,"column":0},"end":{"line":139,"column":null}},"loc":{"start":{"line":139,"column":0},"end":{"line":146,"column":null}}},"2":{"name":"(anonymous_3)","decl":{"start":{"line":142,"column":0},"end":{"line":142,"column":null}},"loc":{"start":{"line":142,"column":0},"end":{"line":142,"column":null}}},"3":{"name":"(anonymous_4)","decl":{"start":{"line":147,"column":0},"end":{"line":147,"column":null}},"loc":{"start":{"line":147,"column":0},"end":{"line":176,"column":null}}},"4":{"name":"(anonymous_5)","decl":{"start":{"line":149,"column":0},"end":{"line":149,"column":null}},"loc":{"start":{"line":149,"column":0},"end":{"line":154,"column":null}}},"5":{"name":"(anonymous_6)","decl":{"start":{"line":168,"column":0},"end":{"line":168,"column":null}},"loc":{"start":{"line":168,"column":0},"end":{"line":171,"column":null}}},"6":{"name":"(anonymous_7)","decl":{"start":{"line":173,"column":0},"end":{"line":173,"column":null}},"loc":{"start":{"line":173,"column":0},"end":{"line":175,"column":null}}},"7":{"name":"(anonymous_8)","decl":{"start":{"line":178,"column":0},"end":{"line":178,"column":null}},"loc":{"start":{"line":178,"column":0},"end":{"line":192,"column":null}}},"8":{"name":"(anonymous_9)","decl":{"start":{"line":182,"column":0},"end":{"line":182,"column":null}},"loc":{"start":{"line":182,"column":0},"end":{"line":185,"column":null}}},"9":{"name":"(anonymous_10)","decl":{"start":{"line":185,"column":0},"end":{"line":185,"column":null}},"loc":{"start":{"line":185,"column":0},"end":{"line":189,"column":null}}},"10":{"name":"(anonymous_11)","decl":{"start":{"line":189,"column":0},"end":{"line":189,"column":null}},"loc":{"start":{"line":189,"column":0},"end":{"line":191,"column":null}}},"11":{"name":"(anonymous_12)","decl":{"start":{"line":194,"column":0},"end":{"line":194,"column":null}},"loc":{"start":{"line":194,"column":0},"end":{"line":202,"column":null}}},"12":{"name":"(anonymous_13)","decl":{"start":{"line":204,"column":0},"end":{"line":204,"column":null}},"loc":{"start":{"line":204,"column":0},"end":{"line":217,"column":null}}},"13":{"name":"(anonymous_14)","decl":{"start":{"line":207,"column":0},"end":{"line":207,"column":null}},"loc":{"start":{"line":207,"column":0},"end":{"line":207,"column":null}}},"14":{"name":"(anonymous_15)","decl":{"start":{"line":222,"column":0},"end":{"line":222,"column":null}},"loc":{"start":{"line":222,"column":0},"end":{"line":228,"column":null}}},"15":{"name":"(anonymous_16)","decl":{"start":{"line":223,"column":0},"end":{"line":223,"column":null}},"loc":{"start":{"line":223,"column":0},"end":{"line":227,"column":null}}},"16":{"name":"(anonymous_17)","decl":{"start":{"line":230,"column":0},"end":{"line":230,"column":null}},"loc":{"start":{"line":230,"column":0},"end":{"line":230,"column":null}}}},"branchMap":{"0":{"loc":{"start":{"line":141,"column":0},"end":{"line":145,"column":null}},"type":"if","locations":[{"start":{"line":141,"column":0},"end":{"line":145,"column":null}},{"start":{"line":141,"column":0},"end":{"line":145,"column":null}}]}},"s":{"0":1,"1":3,"2":3,"3":0,"4":0,"5":0,"6":0,"7":0,"8":0,"9":0,"10":0,"11":0,"12":0,"13":0,"14":0,"15":0,"16":0,"17":0,"18":0,"19":0,"20":0,"21":0,"22":0,"23":0,"24":0,"25":1,"26":0,"27":0,"28":0,"29":0,"30":0,"31":0,"32":0,"33":0,"34":0,"35":0,"36":0,"37":0,"38":0,"39":0,"40":0,"41":0,"42":0,"43":1,"44":0,"45":0,"46":0},"f":{"0":1,"1":3,"2":0,"3":0,"4":0,"5":0,"6":0,"7":1,"8":0,"9":0,"10":0,"11":0,"12":0,"13":0,"14":1,"15":0,"16":1},"b":{"0":[0,3]}}
}
