TN:
SF:C:\Users\Evgeni\Documents\GitHub\vue-jest-stationdata\src\components\station.vue
FN:125,(anonymous_1)
FN:139,(anonymous_2)
FN:142,(anonymous_3)
FN:147,(anonymous_4)
FN:149,(anonymous_5)
FN:168,(anonymous_6)
FN:173,(anonymous_7)
FN:178,(anonymous_8)
FN:182,(anonymous_9)
FN:185,(anonymous_10)
FN:189,(anonymous_11)
FN:194,(anonymous_12)
FN:204,(anonymous_13)
FN:207,(anonymous_14)
FN:222,(anonymous_15)
FN:223,(anonymous_16)
FN:230,(anonymous_17)
FNF:17
FNH:5
FNDA:1,(anonymous_1)
FNDA:3,(anonymous_2)
FNDA:0,(anonymous_3)
FNDA:0,(anonymous_4)
FNDA:0,(anonymous_5)
FNDA:0,(anonymous_6)
FNDA:0,(anonymous_7)
FNDA:1,(anonymous_8)
FNDA:0,(anonymous_9)
FNDA:0,(anonymous_10)
FNDA:0,(anonymous_11)
FNDA:0,(anonymous_12)
FNDA:0,(anonymous_13)
FNDA:0,(anonymous_14)
FNDA:1,(anonymous_15)
FNDA:0,(anonymous_16)
FNDA:1,(anonymous_17)
DA:126,1
DA:140,3
DA:141,3
DA:142,0
DA:144,0
DA:149,0
DA:150,0
DA:151,0
DA:152,0
DA:153,0
DA:155,0
DA:156,0
DA:158,0
DA:159,0
DA:161,0
DA:162,0
DA:165,0
DA:166,0
DA:167,0
DA:168,0
DA:169,0
DA:170,0
DA:173,0
DA:174,0
DA:179,1
DA:183,0
DA:186,0
DA:187,0
DA:190,0
DA:195,0
DA:196,0
DA:198,0
DA:200,0
DA:205,0
DA:207,0
DA:208,0
DA:209,0
DA:210,0
DA:211,0
DA:212,0
DA:213,0
DA:215,0
DA:223,1
DA:224,0
DA:225,0
DA:226,0
LF:46
LH:5
BRDA:141,0,0,0
BRDA:141,0,1,3
BRF:2
BRH:1
end_of_record
